<?xml version="1.0" encoding="UTF-8"?>
<!-- Generated by org.testng.reporters.JUnitReportReporter -->
<testsuite skipped="0" hostname="DESKTOP-LRPC74Q" name="tests.Sanity" tests="4" failures="0" timestamp="2021-03-10T14:24:45 IST" time="13.808" errors="0">
  <testcase name="go_to_registration" time="4.053" classname="tests.Sanity"/>
  <system-out/>
  <testcase name="chooseAccount" time="3.624" classname="tests.Sanity"/>
  <system-out/>
  <testcase name="go_to_registration2" time="0.456" classname="tests.Sanity"/>
  <system-out/>
  <testcase name="SignUpProcess" time="5.675" classname="tests.Sanity"/>
  <system-out/>
</testsuite> <!-- tests.Sanity -->
